This is pdfTeX, Version 3.14159265-2.6-1.40.17 (MiKTeX 2.9.6210 64-bit) (preloaded format=pdflatex 2017.3.21)  29 JAN 2020 20:40
entering extended mode
**./MARSS_Manual.tex
(MARSS_Manual.tex
LaTeX2e <2017/01/01> patch level 1
Babel <3.9r> and hyphenation patterns for 75 language(s) loaded.
("C:\Program Files\MiKTeX 2.9\tex\latex\base\book.cls"
Document Class: book 2014/09/29 v1.4h Standard LaTeX document class
("C:\Program Files\MiKTeX 2.9\tex\latex\base\bk12.clo"
File: bk12.clo 2014/09/29 v1.4h Standard LaTeX file (size option)
)
\c@part=\count79
\c@chapter=\count80
\c@section=\count81
\c@subsection=\count82
\c@subsubsection=\count83
\c@paragraph=\count84
\c@subparagraph=\count85
\c@figure=\count86
\c@table=\count87
\abovecaptionskip=\skip41
\belowcaptionskip=\skip42
\bibindent=\dimen102
) ("C:\Program Files\MiKTeX 2.9\tex\latex\lm\lmodern.sty"
Package: lmodern 2009/10/30 v1.6 Latin Modern Fonts
LaTeX Font Info:    Overwriting symbol font `operators' in version `normal'
(Font)                  OT1/cmr/m/n --> OT1/lmr/m/n on input line 22.
LaTeX Font Info:    Overwriting symbol font `letters' in version `normal'
(Font)                  OML/cmm/m/it --> OML/lmm/m/it on input line 23.
LaTeX Font Info:    Overwriting symbol font `symbols' in version `normal'
(Font)                  OMS/cmsy/m/n --> OMS/lmsy/m/n on input line 24.
LaTeX Font Info:    Overwriting symbol font `largesymbols' in version `normal'
(Font)                  OMX/cmex/m/n --> OMX/lmex/m/n on input line 25.
LaTeX Font Info:    Overwriting symbol font `operators' in version `bold'
(Font)                  OT1/cmr/bx/n --> OT1/lmr/bx/n on input line 26.
LaTeX Font Info:    Overwriting symbol font `letters' in version `bold'
(Font)                  OML/cmm/b/it --> OML/lmm/b/it on input line 27.
LaTeX Font Info:    Overwriting symbol font `symbols' in version `bold'
(Font)                  OMS/cmsy/b/n --> OMS/lmsy/b/n on input line 28.
LaTeX Font Info:    Overwriting symbol font `largesymbols' in version `bold'
(Font)                  OMX/cmex/m/n --> OMX/lmex/m/n on input line 29.
LaTeX Font Info:    Overwriting math alphabet `\mathbf' in version `normal'
(Font)                  OT1/cmr/bx/n --> OT1/lmr/bx/n on input line 31.
LaTeX Font Info:    Overwriting math alphabet `\mathsf' in version `normal'
(Font)                  OT1/cmss/m/n --> OT1/lmss/m/n on input line 32.
LaTeX Font Info:    Overwriting math alphabet `\mathit' in version `normal'
(Font)                  OT1/cmr/m/it --> OT1/lmr/m/it on input line 33.
LaTeX Font Info:    Overwriting math alphabet `\mathtt' in version `normal'
(Font)                  OT1/cmtt/m/n --> OT1/lmtt/m/n on input line 34.
LaTeX Font Info:    Overwriting math alphabet `\mathbf' in version `bold'
(Font)                  OT1/cmr/bx/n --> OT1/lmr/bx/n on input line 35.
LaTeX Font Info:    Overwriting math alphabet `\mathsf' in version `bold'
(Font)                  OT1/cmss/bx/n --> OT1/lmss/bx/n on input line 36.
LaTeX Font Info:    Overwriting math alphabet `\mathit' in version `bold'
(Font)                  OT1/cmr/bx/it --> OT1/lmr/bx/it on input line 37.
LaTeX Font Info:    Overwriting math alphabet `\mathtt' in version `bold'
(Font)                  OT1/cmtt/m/n --> OT1/lmtt/m/n on input line 38.
) ("C:\Program Files\MiKTeX 2.9\tex\latex\amsfonts\amssymb.sty"
Package: amssymb 2013/01/14 v3.01 AMS font symbols
("C:\Program Files\MiKTeX 2.9\tex\latex\amsfonts\amsfonts.sty"
Package: amsfonts 2013/01/14 v3.01 Basic AMSFonts support
\@emptytoks=\toks14
\symAMSa=\mathgroup4
\symAMSb=\mathgroup5
LaTeX Font Info:    Overwriting math alphabet `\mathfrak' in version `bold'
(Font)                  U/euf/m/n --> U/euf/b/n on input line 106.
)) ("C:\Program Files\MiKTeX 2.9\tex\latex\amsmath\amsmath.sty"
Package: amsmath 2016/11/05 v2.16a AMS math features
\@mathmargin=\skip43
For additional information on amsmath, use the `?' option.
("C:\Program Files\MiKTeX 2.9\tex\latex\amsmath\amstext.sty"
Package: amstext 2000/06/29 v2.01 AMS text
("C:\Program Files\MiKTeX 2.9\tex\latex\amsmath\amsgen.sty"
File: amsgen.sty 1999/11/30 v2.0 generic functions
\@emptytoks=\toks15
\ex@=\dimen103
)) ("C:\Program Files\MiKTeX 2.9\tex\latex\amsmath\amsbsy.sty"
Package: amsbsy 1999/11/29 v1.2d Bold Symbols
\pmbraise@=\dimen104
) ("C:\Program Files\MiKTeX 2.9\tex\latex\amsmath\amsopn.sty"
Package: amsopn 2016/03/08 v2.02 operator names
)
\inf@bad=\count88
LaTeX Info: Redefining \frac on input line 213.
\uproot@=\count89
\leftroot@=\count90
LaTeX Info: Redefining \overline on input line 375.
\classnum@=\count91
\DOTSCASE@=\count92
LaTeX Info: Redefining \ldots on input line 472.
LaTeX Info: Redefining \dots on input line 475.
LaTeX Info: Redefining \cdots on input line 596.
\Mathstrutbox@=\box26
\strutbox@=\box27
\big@size=\dimen105
LaTeX Font Info:    Redeclaring font encoding OML on input line 712.
LaTeX Font Info:    Redeclaring font encoding OMS on input line 713.
\macc@depth=\count93
\c@MaxMatrixCols=\count94
\dotsspace@=\muskip10
\c@parentequation=\count95
\dspbrk@lvl=\count96
\tag@help=\toks16
\row@=\count97
\column@=\count98
\maxfields@=\count99
\andhelp@=\toks17
\eqnshift@=\dimen106
\alignsep@=\dimen107
\tagshift@=\dimen108
\tagwidth@=\dimen109
\totwidth@=\dimen110
\lineht@=\dimen111
\@envbody=\toks18
\multlinegap=\skip44
\multlinetaggap=\skip45
\mathdisplay@stack=\toks19
LaTeX Info: Redefining \[ on input line 2817.
LaTeX Info: Redefining \] on input line 2818.
) ("C:\Program Files\MiKTeX 2.9\tex\generic\ifxetex\ifxetex.sty"
Package: ifxetex 2010/09/12 v0.6 Provides ifxetex conditional
) ("C:\Program Files\MiKTeX 2.9\tex\generic\oberdiek\ifluatex.sty"
Package: ifluatex 2016/05/16 v1.4 Provides the ifluatex switch (HO)
Package ifluatex Info: LuaTeX not detected.
) ("C:\Program Files\MiKTeX 2.9\tex\latex\base\fontenc.sty"
Package: fontenc 2017/01/24 v2.0c Standard LaTeX package
("C:\Program Files\MiKTeX 2.9\tex\latex\base\t1enc.def"
File: t1enc.def 2017/01/24 v2.0c Standard LaTeX file
LaTeX Font Info:    Redeclaring font encoding T1 on input line 48.
)) ("C:\Program Files\MiKTeX 2.9\tex\latex\base\inputenc.sty"
Package: inputenc 2015/03/17 v1.2c Input encoding file
\inpenc@prehook=\toks20
\inpenc@posthook=\toks21
("C:\Program Files\MiKTeX 2.9\tex\latex\base\utf8.def"
File: utf8.def 2016/02/28 v1.1s UTF-8 support for inputenc
Now handling font encoding OML ...
... no UTF-8 mapping file for font encoding OML
Now handling font encoding T1 ...
... processing UTF-8 mapping file for font encoding T1
("C:\Program Files\MiKTeX 2.9\tex\latex\base\t1enc.dfu"
File: t1enc.dfu 2016/02/28 v1.1s UTF-8 support for inputenc
   defining Unicode char U+00A0 (decimal 160)
   defining Unicode char U+00A1 (decimal 161)
   defining Unicode char U+00A3 (decimal 163)
   defining Unicode char U+00AB (decimal 171)
   defining Unicode char U+00AD (decimal 173)
   defining Unicode char U+00BB (decimal 187)
   defining Unicode char U+00BF (decimal 191)
   defining Unicode char U+00C0 (decimal 192)
   defining Unicode char U+00C1 (decimal 193)
   defining Unicode char U+00C2 (decimal 194)
   defining Unicode char U+00C3 (decimal 195)
   defining Unicode char U+00C4 (decimal 196)
   defining Unicode char U+00C5 (decimal 197)
   defining Unicode char U+00C6 (decimal 198)
   defining Unicode char U+00C7 (decimal 199)
   defining Unicode char U+00C8 (decimal 200)
   defining Unicode char U+00C9 (decimal 201)
   defining Unicode char U+00CA (decimal 202)
   defining Unicode char U+00CB (decimal 203)
   defining Unicode char U+00CC (decimal 204)
   defining Unicode char U+00CD (decimal 205)
   defining Unicode char U+00CE (decimal 206)
   defining Unicode char U+00CF (decimal 207)
   defining Unicode char U+00D0 (decimal 208)
   defining Unicode char U+00D1 (decimal 209)
   defining Unicode char U+00D2 (decimal 210)
   defining Unicode char U+00D3 (decimal 211)
   defining Unicode char U+00D4 (decimal 212)
   defining Unicode char U+00D5 (decimal 213)
   defining Unicode char U+00D6 (decimal 214)
   defining Unicode char U+00D8 (decimal 216)
   defining Unicode char U+00D9 (decimal 217)
   defining Unicode char U+00DA (decimal 218)
   defining Unicode char U+00DB (decimal 219)
   defining Unicode char U+00DC (decimal 220)
   defining Unicode char U+00DD (decimal 221)
   defining Unicode char U+00DE (decimal 222)
   defining Unicode char U+00DF (decimal 223)
   defining Unicode char U+00E0 (decimal 224)
   defining Unicode char U+00E1 (decimal 225)
   defining Unicode char U+00E2 (decimal 226)
   defining Unicode char U+00E3 (decimal 227)
   defining Unicode char U+00E4 (decimal 228)
   defining Unicode char U+00E5 (decimal 229)
   defining Unicode char U+00E6 (decimal 230)
   defining Unicode char U+00E7 (decimal 231)
   defining Unicode char U+00E8 (decimal 232)
   defining Unicode char U+00E9 (decimal 233)
   defining Unicode char U+00EA (decimal 234)
   defining Unicode char U+00EB (decimal 235)
   defining Unicode char U+00EC (decimal 236)
   defining Unicode char U+00ED (decimal 237)
   defining Unicode char U+00EE (decimal 238)
   defining Unicode char U+00EF (decimal 239)
   defining Unicode char U+00F0 (decimal 240)
   defining Unicode char U+00F1 (decimal 241)
   defining Unicode char U+00F2 (decimal 242)
   defining Unicode char U+00F3 (decimal 243)
   defining Unicode char U+00F4 (decimal 244)
   defining Unicode char U+00F5 (decimal 245)
   defining Unicode char U+00F6 (decimal 246)
   defining Unicode char U+00F8 (decimal 248)
   defining Unicode char U+00F9 (decimal 249)
   defining Unicode char U+00FA (decimal 250)
   defining Unicode char U+00FB (decimal 251)
   defining Unicode char U+00FC (decimal 252)
   defining Unicode char U+00FD (decimal 253)
   defining Unicode char U+00FE (decimal 254)
   defining Unicode char U+00FF (decimal 255)
   defining Unicode char U+0100 (decimal 256)
   defining Unicode char U+0101 (decimal 257)
   defining Unicode char U+0102 (decimal 258)
   defining Unicode char U+0103 (decimal 259)
   defining Unicode char U+0104 (decimal 260)
   defining Unicode char U+0105 (decimal 261)
   defining Unicode char U+0106 (decimal 262)
   defining Unicode char U+0107 (decimal 263)
   defining Unicode char U+0108 (decimal 264)
   defining Unicode char U+0109 (decimal 265)
   defining Unicode char U+010A (decimal 266)
   defining Unicode char U+010B (decimal 267)
   defining Unicode char U+010C (decimal 268)
   defining Unicode char U+010D (decimal 269)
   defining Unicode char U+010E (decimal 270)
   defining Unicode char U+010F (decimal 271)
   defining Unicode char U+0110 (decimal 272)
   defining Unicode char U+0111 (decimal 273)
   defining Unicode char U+0112 (decimal 274)
   defining Unicode char U+0113 (decimal 275)
   defining Unicode char U+0114 (decimal 276)
   defining Unicode char U+0115 (decimal 277)
   defining Unicode char U+0116 (decimal 278)
   defining Unicode char U+0117 (decimal 279)
   defining Unicode char U+0118 (decimal 280)
   defining Unicode char U+0119 (decimal 281)
   defining Unicode char U+011A (decimal 282)
   defining Unicode char U+011B (decimal 283)
   defining Unicode char U+011C (decimal 284)
   defining Unicode char U+011D (decimal 285)
   defining Unicode char U+011E (decimal 286)
   defining Unicode char U+011F (decimal 287)
   defining Unicode char U+0120 (decimal 288)
   defining Unicode char U+0121 (decimal 289)
   defining Unicode char U+0122 (decimal 290)
   defining Unicode char U+0123 (decimal 291)
   defining Unicode char U+0124 (decimal 292)
   defining Unicode char U+0125 (decimal 293)
   defining Unicode char U+0128 (decimal 296)
   defining Unicode char U+0129 (decimal 297)
   defining Unicode char U+012A (decimal 298)
   defining Unicode char U+012B (decimal 299)
   defining Unicode char U+012C (decimal 300)
   defining Unicode char U+012D (decimal 301)
   defining Unicode char U+012E (decimal 302)
   defining Unicode char U+012F (decimal 303)
   defining Unicode char U+0130 (decimal 304)
   defining Unicode char U+0131 (decimal 305)
   defining Unicode char U+0132 (decimal 306)
   defining Unicode char U+0133 (decimal 307)
   defining Unicode char U+0134 (decimal 308)
   defining Unicode char U+0135 (decimal 309)
   defining Unicode char U+0136 (decimal 310)
   defining Unicode char U+0137 (decimal 311)
   defining Unicode char U+0139 (decimal 313)
   defining Unicode char U+013A (decimal 314)
   defining Unicode char U+013B (decimal 315)
   defining Unicode char U+013C (decimal 316)
   defining Unicode char U+013D (decimal 317)
   defining Unicode char U+013E (decimal 318)
   defining Unicode char U+0141 (decimal 321)
   defining Unicode char U+0142 (decimal 322)
   defining Unicode char U+0143 (decimal 323)
   defining Unicode char U+0144 (decimal 324)
   defining Unicode char U+0145 (decimal 325)
   defining Unicode char U+0146 (decimal 326)
   defining Unicode char U+0147 (decimal 327)
   defining Unicode char U+0148 (decimal 328)
   defining Unicode char U+014A (decimal 330)
   defining Unicode char U+014B (decimal 331)
   defining Unicode char U+014C (decimal 332)
   defining Unicode char U+014D (decimal 333)
   defining Unicode char U+014E (decimal 334)
   defining Unicode char U+014F (decimal 335)
   defining Unicode char U+0150 (decimal 336)
   defining Unicode char U+0151 (decimal 337)
   defining Unicode char U+0152 (decimal 338)
   defining Unicode char U+0153 (decimal 339)
   defining Unicode char U+0154 (decimal 340)
   defining Unicode char U+0155 (decimal 341)
   defining Unicode char U+0156 (decimal 342)
   defining Unicode char U+0157 (decimal 343)
   defining Unicode char U+0158 (decimal 344)
   defining Unicode char U+0159 (decimal 345)
   defining Unicode char U+015A (decimal 346)
   defining Unicode char U+015B (decimal 347)
   defining Unicode char U+015C (decimal 348)
   defining Unicode char U+015D (decimal 349)
   defining Unicode char U+015E (decimal 350)
   defining Unicode char U+015F (decimal 351)
   defining Unicode char U+0160 (decimal 352)
   defining Unicode char U+0161 (decimal 353)
   defining Unicode char U+0162 (decimal 354)
   defining Unicode char U+0163 (decimal 355)
   defining Unicode char U+0164 (decimal 356)
   defining Unicode char U+0165 (decimal 357)
   defining Unicode char U+0168 (decimal 360)
   defining Unicode char U+0169 (decimal 361)
   defining Unicode char U+016A (decimal 362)
   defining Unicode char U+016B (decimal 363)
   defining Unicode char U+016C (decimal 364)
   defining Unicode char U+016D (decimal 365)
   defining Unicode char U+016E (decimal 366)
   defining Unicode char U+016F (decimal 367)
   defining Unicode char U+0170 (decimal 368)
   defining Unicode char U+0171 (decimal 369)
   defining Unicode char U+0172 (decimal 370)
   defining Unicode char U+0173 (decimal 371)
   defining Unicode char U+0174 (decimal 372)
   defining Unicode char U+0175 (decimal 373)
   defining Unicode char U+0176 (decimal 374)
   defining Unicode char U+0177 (decimal 375)
   defining Unicode char U+0178 (decimal 376)
   defining Unicode char U+0179 (decimal 377)
   defining Unicode char U+017A (decimal 378)
   defining Unicode char U+017B (decimal 379)
   defining Unicode char U+017C (decimal 380)
   defining Unicode char U+017D (decimal 381)
   defining Unicode char U+017E (decimal 382)
   defining Unicode char U+01CD (decimal 461)
   defining Unicode char U+01CE (decimal 462)
   defining Unicode char U+01CF (decimal 463)
   defining Unicode char U+01D0 (decimal 464)
   defining Unicode char U+01D1 (decimal 465)
   defining Unicode char U+01D2 (decimal 466)
   defining Unicode char U+01D3 (decimal 467)
   defining Unicode char U+01D4 (decimal 468)
   defining Unicode char U+01E2 (decimal 482)
   defining Unicode char U+01E3 (decimal 483)
   defining Unicode char U+01E6 (decimal 486)
   defining Unicode char U+01E7 (decimal 487)
   defining Unicode char U+01E8 (decimal 488)
   defining Unicode char U+01E9 (decimal 489)
   defining Unicode char U+01EA (decimal 490)
   defining Unicode char U+01EB (decimal 491)
   defining Unicode char U+01F0 (decimal 496)
   defining Unicode char U+01F4 (decimal 500)
   defining Unicode char U+01F5 (decimal 501)
   defining Unicode char U+0218 (decimal 536)
   defining Unicode char U+0219 (decimal 537)
   defining Unicode char U+021A (decimal 538)
   defining Unicode char U+021B (decimal 539)
   defining Unicode char U+1E02 (decimal 7682)
   defining Unicode char U+1E03 (decimal 7683)
   defining Unicode char U+200C (decimal 8204)
   defining Unicode char U+2010 (decimal 8208)
   defining Unicode char U+2011 (decimal 8209)
   defining Unicode char U+2012 (decimal 8210)
   defining Unicode char U+2013 (decimal 8211)
   defining Unicode char U+2014 (decimal 8212)
   defining Unicode char U+2015 (decimal 8213)
   defining Unicode char U+2018 (decimal 8216)
   defining Unicode char U+2019 (decimal 8217)
   defining Unicode char U+201A (decimal 8218)
   defining Unicode char U+201C (decimal 8220)
   defining Unicode char U+201D (decimal 8221)
   defining Unicode char U+201E (decimal 8222)
   defining Unicode char U+2030 (decimal 8240)
   defining Unicode char U+2031 (decimal 8241)
   defining Unicode char U+2039 (decimal 8249)
   defining Unicode char U+203A (decimal 8250)
   defining Unicode char U+2423 (decimal 9251)
)
Now handling font encoding OT1 ...
... processing UTF-8 mapping file for font encoding OT1
("C:\Program Files\MiKTeX 2.9\tex\latex\base\ot1enc.dfu"
File: ot1enc.dfu 2016/02/28 v1.1s UTF-8 support for inputenc
   defining Unicode char U+00A0 (decimal 160)
   defining Unicode char U+00A1 (decimal 161)
   defining Unicode char U+00A3 (decimal 163)
   defining Unicode char U+00AD (decimal 173)
   defining Unicode char U+00B8 (decimal 184)
   defining Unicode char U+00BF (decimal 191)
   defining Unicode char U+00C5 (decimal 197)
   defining Unicode char U+00C6 (decimal 198)
   defining Unicode char U+00D8 (decimal 216)
   defining Unicode char U+00DF (decimal 223)
   defining Unicode char U+00E6 (decimal 230)
   defining Unicode char U+00EC (decimal 236)
   defining Unicode char U+00ED (decimal 237)
   defining Unicode char U+00EE (decimal 238)
   defining Unicode char U+00EF (decimal 239)
   defining Unicode char U+00F8 (decimal 248)
   defining Unicode char U+0131 (decimal 305)
   defining Unicode char U+0141 (decimal 321)
   defining Unicode char U+0142 (decimal 322)
   defining Unicode char U+0152 (decimal 338)
   defining Unicode char U+0153 (decimal 339)
   defining Unicode char U+0174 (decimal 372)
   defining Unicode char U+0175 (decimal 373)
   defining Unicode char U+0176 (decimal 374)
   defining Unicode char U+0177 (decimal 375)
   defining Unicode char U+0218 (decimal 536)
   defining Unicode char U+0219 (decimal 537)
   defining Unicode char U+021A (decimal 538)
   defining Unicode char U+021B (decimal 539)
   defining Unicode char U+2013 (decimal 8211)
   defining Unicode char U+2014 (decimal 8212)
   defining Unicode char U+2018 (decimal 8216)
   defining Unicode char U+2019 (decimal 8217)
   defining Unicode char U+201C (decimal 8220)
   defining Unicode char U+201D (decimal 8221)
)
Now handling font encoding OMS ...
... processing UTF-8 mapping file for font encoding OMS
("C:\Program Files\MiKTeX 2.9\tex\latex\base\omsenc.dfu"
File: omsenc.dfu 2016/02/28 v1.1s UTF-8 support for inputenc
   defining Unicode char U+00A7 (decimal 167)
   defining Unicode char U+00B6 (decimal 182)
   defining Unicode char U+00B7 (decimal 183)
   defining Unicode char U+2020 (decimal 8224)
   defining Unicode char U+2021 (decimal 8225)
   defining Unicode char U+2022 (decimal 8226)
)
Now handling font encoding OMX ...
... no UTF-8 mapping file for font encoding OMX
Now handling font encoding U ...
... no UTF-8 mapping file for font encoding U
   defining Unicode char U+00A9 (decimal 169)
   defining Unicode char U+00AA (decimal 170)
   defining Unicode char U+00AE (decimal 174)
   defining Unicode char U+00BA (decimal 186)
   defining Unicode char U+02C6 (decimal 710)
   defining Unicode char U+02DC (decimal 732)
   defining Unicode char U+200C (decimal 8204)
   defining Unicode char U+2026 (decimal 8230)
   defining Unicode char U+2122 (decimal 8482)
   defining Unicode char U+2423 (decimal 9251)
)) ("C:\Program Files\MiKTeX 2.9\tex\latex\base\textcomp.sty"
Package: textcomp 2017/01/24 v2.0c Standard LaTeX package
Package textcomp Info: Sub-encoding information:
(textcomp)               5 = only ISO-Adobe without \textcurrency
(textcomp)               4 = 5 + \texteuro
(textcomp)               3 = 4 + \textohm
(textcomp)               2 = 3 + \textestimated + \textcurrency
(textcomp)               1 = TS1 - \textcircled - \t
(textcomp)               0 = TS1 (full)
(textcomp)             Font families with sub-encoding setting implement
(textcomp)             only a restricted character set as indicated.
(textcomp)             Family '?' is the default used for unknown fonts.
(textcomp)             See the documentation for details.
Package textcomp Info: Setting ? sub-encoding to TS1/1 on input line 79.
("C:\Program Files\MiKTeX 2.9\tex\latex\base\ts1enc.def"
File: ts1enc.def 2001/06/05 v3.0e (jk/car/fm) Standard LaTeX file
Now handling font encoding TS1 ...
... processing UTF-8 mapping file for font encoding TS1
("C:\Program Files\MiKTeX 2.9\tex\latex\base\ts1enc.dfu"
File: ts1enc.dfu 2016/02/28 v1.1s UTF-8 support for inputenc
   defining Unicode char U+00A2 (decimal 162)
   defining Unicode char U+00A3 (decimal 163)
   defining Unicode char U+00A4 (decimal 164)
   defining Unicode char U+00A5 (decimal 165)
   defining Unicode char U+00A6 (decimal 166)
   defining Unicode char U+00A7 (decimal 167)
   defining Unicode char U+00A8 (decimal 168)
   defining Unicode char U+00A9 (decimal 169)
   defining Unicode char U+00AA (decimal 170)
   defining Unicode char U+00AC (decimal 172)
   defining Unicode char U+00AE (decimal 174)
   defining Unicode char U+00AF (decimal 175)
   defining Unicode char U+00B0 (decimal 176)
   defining Unicode char U+00B1 (decimal 177)
   defining Unicode char U+00B2 (decimal 178)
   defining Unicode char U+00B3 (decimal 179)
   defining Unicode char U+00B4 (decimal 180)
   defining Unicode char U+00B5 (decimal 181)
   defining Unicode char U+00B6 (decimal 182)
   defining Unicode char U+00B7 (decimal 183)
   defining Unicode char U+00B9 (decimal 185)
   defining Unicode char U+00BA (decimal 186)
   defining Unicode char U+00BC (decimal 188)
   defining Unicode char U+00BD (decimal 189)
   defining Unicode char U+00BE (decimal 190)
   defining Unicode char U+00D7 (decimal 215)
   defining Unicode char U+00F7 (decimal 247)
   defining Unicode char U+0192 (decimal 402)
   defining Unicode char U+02C7 (decimal 711)
   defining Unicode char U+02D8 (decimal 728)
   defining Unicode char U+02DD (decimal 733)
   defining Unicode char U+0E3F (decimal 3647)
   defining Unicode char U+2016 (decimal 8214)
   defining Unicode char U+2020 (decimal 8224)
   defining Unicode char U+2021 (decimal 8225)
   defining Unicode char U+2022 (decimal 8226)
   defining Unicode char U+2030 (decimal 8240)
   defining Unicode char U+2031 (decimal 8241)
   defining Unicode char U+203B (decimal 8251)
   defining Unicode char U+203D (decimal 8253)
   defining Unicode char U+2044 (decimal 8260)
   defining Unicode char U+204E (decimal 8270)
   defining Unicode char U+2052 (decimal 8274)
   defining Unicode char U+20A1 (decimal 8353)
   defining Unicode char U+20A4 (decimal 8356)
   defining Unicode char U+20A6 (decimal 8358)
   defining Unicode char U+20A9 (decimal 8361)
   defining Unicode char U+20AB (decimal 8363)
   defining Unicode char U+20AC (decimal 8364)
   defining Unicode char U+20B1 (decimal 8369)
   defining Unicode char U+2103 (decimal 8451)
   defining Unicode char U+2116 (decimal 8470)
   defining Unicode char U+2117 (decimal 8471)
   defining Unicode char U+211E (decimal 8478)
   defining Unicode char U+2120 (decimal 8480)
   defining Unicode char U+2122 (decimal 8482)
   defining Unicode char U+2126 (decimal 8486)
   defining Unicode char U+2127 (decimal 8487)
   defining Unicode char U+212E (decimal 8494)
   defining Unicode char U+2190 (decimal 8592)
   defining Unicode char U+2191 (decimal 8593)
   defining Unicode char U+2192 (decimal 8594)
   defining Unicode char U+2193 (decimal 8595)
   defining Unicode char U+2329 (decimal 9001)
   defining Unicode char U+232A (decimal 9002)
   defining Unicode char U+2422 (decimal 9250)
   defining Unicode char U+25E6 (decimal 9702)
   defining Unicode char U+25EF (decimal 9711)
   defining Unicode char U+266A (decimal 9834)
))
LaTeX Info: Redefining \oldstylenums on input line 334.
Package textcomp Info: Setting cmr sub-encoding to TS1/0 on input line 349.
Package textcomp Info: Setting cmss sub-encoding to TS1/0 on input line 350.
Package textcomp Info: Setting cmtt sub-encoding to TS1/0 on input line 351.
Package textcomp Info: Setting cmvtt sub-encoding to TS1/0 on input line 352.
Package textcomp Info: Setting cmbr sub-encoding to TS1/0 on input line 353.
Package textcomp Info: Setting cmtl sub-encoding to TS1/0 on input line 354.
Package textcomp Info: Setting ccr sub-encoding to TS1/0 on input line 355.
Package textcomp Info: Setting ptm sub-encoding to TS1/4 on input line 356.
Package textcomp Info: Setting pcr sub-encoding to TS1/4 on input line 357.
Package textcomp Info: Setting phv sub-encoding to TS1/4 on input line 358.
Package textcomp Info: Setting ppl sub-encoding to TS1/3 on input line 359.
Package textcomp Info: Setting pag sub-encoding to TS1/4 on input line 360.
Package textcomp Info: Setting pbk sub-encoding to TS1/4 on input line 361.
Package textcomp Info: Setting pnc sub-encoding to TS1/4 on input line 362.
Package textcomp Info: Setting pzc sub-encoding to TS1/4 on input line 363.
Package textcomp Info: Setting bch sub-encoding to TS1/4 on input line 364.
Package textcomp Info: Setting put sub-encoding to TS1/5 on input line 365.
Package textcomp Info: Setting uag sub-encoding to TS1/5 on input line 366.
Package textcomp Info: Setting ugq sub-encoding to TS1/5 on input line 367.
Package textcomp Info: Setting ul8 sub-encoding to TS1/4 on input line 368.
Package textcomp Info: Setting ul9 sub-encoding to TS1/4 on input line 369.
Package textcomp Info: Setting augie sub-encoding to TS1/5 on input line 370.
Package textcomp Info: Setting dayrom sub-encoding to TS1/3 on input line 371.
Package textcomp Info: Setting dayroms sub-encoding to TS1/3 on input line 372.

Package textcomp Info: Setting pxr sub-encoding to TS1/0 on input line 373.
Package textcomp Info: Setting pxss sub-encoding to TS1/0 on input line 374.
Package textcomp Info: Setting pxtt sub-encoding to TS1/0 on input line 375.
Package textcomp Info: Setting txr sub-encoding to TS1/0 on input line 376.
Package textcomp Info: Setting txss sub-encoding to TS1/0 on input line 377.
Package textcomp Info: Setting txtt sub-encoding to TS1/0 on input line 378.
Package textcomp Info: Setting lmr sub-encoding to TS1/0 on input line 379.
Package textcomp Info: Setting lmdh sub-encoding to TS1/0 on input line 380.
Package textcomp Info: Setting lmss sub-encoding to TS1/0 on input line 381.
Package textcomp Info: Setting lmssq sub-encoding to TS1/0 on input line 382.
Package textcomp Info: Setting lmvtt sub-encoding to TS1/0 on input line 383.
Package textcomp Info: Setting lmtt sub-encoding to TS1/0 on input line 384.
Package textcomp Info: Setting qhv sub-encoding to TS1/0 on input line 385.
Package textcomp Info: Setting qag sub-encoding to TS1/0 on input line 386.
Package textcomp Info: Setting qbk sub-encoding to TS1/0 on input line 387.
Package textcomp Info: Setting qcr sub-encoding to TS1/0 on input line 388.
Package textcomp Info: Setting qcs sub-encoding to TS1/0 on input line 389.
Package textcomp Info: Setting qpl sub-encoding to TS1/0 on input line 390.
Package textcomp Info: Setting qtm sub-encoding to TS1/0 on input line 391.
Package textcomp Info: Setting qzc sub-encoding to TS1/0 on input line 392.
Package textcomp Info: Setting qhvc sub-encoding to TS1/0 on input line 393.
Package textcomp Info: Setting futs sub-encoding to TS1/4 on input line 394.
Package textcomp Info: Setting futx sub-encoding to TS1/4 on input line 395.
Package textcomp Info: Setting futj sub-encoding to TS1/4 on input line 396.
Package textcomp Info: Setting hlh sub-encoding to TS1/3 on input line 397.
Package textcomp Info: Setting hls sub-encoding to TS1/3 on input line 398.
Package textcomp Info: Setting hlst sub-encoding to TS1/3 on input line 399.
Package textcomp Info: Setting hlct sub-encoding to TS1/5 on input line 400.
Package textcomp Info: Setting hlx sub-encoding to TS1/5 on input line 401.
Package textcomp Info: Setting hlce sub-encoding to TS1/5 on input line 402.
Package textcomp Info: Setting hlcn sub-encoding to TS1/5 on input line 403.
Package textcomp Info: Setting hlcw sub-encoding to TS1/5 on input line 404.
Package textcomp Info: Setting hlcf sub-encoding to TS1/5 on input line 405.
Package textcomp Info: Setting pplx sub-encoding to TS1/3 on input line 406.
Package textcomp Info: Setting pplj sub-encoding to TS1/3 on input line 407.
Package textcomp Info: Setting ptmx sub-encoding to TS1/4 on input line 408.
Package textcomp Info: Setting ptmj sub-encoding to TS1/4 on input line 409.
) (C:\Users\Eli.Holmes\AppData\Roaming\MiKTeX\2.9\tex\latex\upquote\upquote.sty
Package: upquote 2012/04/19 v1.3 upright-quote and grave-accent glyphs in verba
tim
)
(C:\Users\Eli.Holmes\AppData\Roaming\MiKTeX\2.9\tex\latex\microtype\microtype.s
ty
Package: microtype 2016/05/14 v2.6a Micro-typographical refinements (RS)
("C:\Program Files\MiKTeX 2.9\tex\latex\graphics\keyval.sty"
Package: keyval 2014/10/28 v1.15 key=value parser (DPC)
\KV@toks@=\toks22
)
\MT@toks=\toks23
\MT@count=\count100
LaTeX Info: Redefining \textls on input line 774.
\MT@outer@kern=\dimen112
LaTeX Info: Redefining \textmicrotypecontext on input line 1310.
\MT@listname@count=\count101

(C:\Users\Eli.Holmes\AppData\Roaming\MiKTeX\2.9\tex\latex\microtype\microtype-p
dftex.def
File: microtype-pdftex.def 2016/05/14 v2.6a Definitions specific to pdftex (RS)

LaTeX Info: Redefining \lsstyle on input line 916.
LaTeX Info: Redefining \lslig on input line 916.
\MT@outer@space=\skip46
)
Package microtype Info: Loading configuration file microtype.cfg.

(C:\Users\Eli.Holmes\AppData\Roaming\MiKTeX\2.9\tex\latex\microtype\microtype.c
fg
File: microtype.cfg 2016/05/14 v2.6a microtype main configuration file (RS)
)) ("C:\Program Files\MiKTeX 2.9\tex\latex\ltxmisc\parskip.sty"
Package: parskip 2001/04/09 non-zero parskip adjustments
) (C:\Users\Eli.Holmes\AppData\Roaming\MiKTeX\2.9\tex\latex\xcolor\xcolor.sty
Package: xcolor 2016/05/11 v2.12 LaTeX color extensions (UK)
("C:\Program Files\MiKTeX 2.9\tex\latex\graphics-cfg\color.cfg"
File: color.cfg 2016/01/02 v1.6 sample color configuration
)
Package xcolor Info: Driver file: pdftex.def on input line 225.
("C:\Program Files\MiKTeX 2.9\tex\latex\graphics-def\pdftex.def"
File: pdftex.def 2017/01/12 v0.06k Graphics/color for pdfTeX
("C:\Program Files\MiKTeX 2.9\tex\generic\oberdiek\infwarerr.sty"
Package: infwarerr 2016/05/16 v1.4 Providing info/warning/error messages (HO)
) ("C:\Program Files\MiKTeX 2.9\tex\generic\oberdiek\ltxcmds.sty"
Package: ltxcmds 2016/05/16 v1.23 LaTeX kernel commands for general use (HO)
)
\Gread@gobject=\count102
)
Package xcolor Info: Model `cmy' substituted by `cmy0' on input line 1348.
Package xcolor Info: Model `hsb' substituted by `rgb' on input line 1352.
Package xcolor Info: Model `RGB' extended on input line 1364.
Package xcolor Info: Model `HTML' substituted by `rgb' on input line 1366.
Package xcolor Info: Model `Hsb' substituted by `hsb' on input line 1367.
Package xcolor Info: Model `tHsb' substituted by `hsb' on input line 1368.
Package xcolor Info: Model `HSB' substituted by `hsb' on input line 1369.
Package xcolor Info: Model `Gray' substituted by `gray' on input line 1370.
Package xcolor Info: Model `wave' substituted by `hsb' on input line 1371.
) ("C:\Program Files\MiKTeX 2.9\tex\latex\oberdiek\bookmark.sty"
Package: bookmark 2016/05/17 v1.26 PDF bookmarks (HO)
("C:\Program Files\MiKTeX 2.9\tex\generic\oberdiek\pdfescape.sty"
Package: pdfescape 2016/05/16 v1.14 Implements pdfTeX's escape features (HO)
("C:\Program Files\MiKTeX 2.9\tex\generic\oberdiek\pdftexcmds.sty"
Package: pdftexcmds 2016/05/21 v0.22 Utility functions of pdfTeX for LuaTeX (HO
)
("C:\Program Files\MiKTeX 2.9\tex\generic\oberdiek\ifpdf.sty"
Package: ifpdf 2016/05/14 v3.1 Provides the ifpdf switch
)
Package pdftexcmds Info: LuaTeX not detected.
Package pdftexcmds Info: \pdf@primitive is available.
Package pdftexcmds Info: \pdf@ifprimitive is available.
Package pdftexcmds Info: \pdfdraftmode found.
)) ("C:\Program Files\MiKTeX 2.9\tex\generic\oberdiek\ifvtex.sty"
Package: ifvtex 2016/05/16 v1.6 Detect VTeX and its facilities (HO)
Package ifvtex Info: VTeX not detected.
) ("C:\Program Files\MiKTeX 2.9\tex\latex\hyperref\hyperref.sty"
Package: hyperref 2016/06/24 v6.83q Hypertext links for LaTeX
("C:\Program Files\MiKTeX 2.9\tex\generic\oberdiek\hobsub-hyperref.sty"
Package: hobsub-hyperref 2016/05/16 v1.14 Bundle oberdiek, subset hyperref (HO)

("C:\Program Files\MiKTeX 2.9\tex\generic\oberdiek\hobsub-generic.sty"
Package: hobsub-generic 2016/05/16 v1.14 Bundle oberdiek, subset generic (HO)
Package: hobsub 2016/05/16 v1.14 Construct package bundles (HO)
Package hobsub Info: Skipping package `infwarerr' (already loaded).
Package hobsub Info: Skipping package `ltxcmds' (already loaded).
Package hobsub Info: Skipping package `ifluatex' (already loaded).
Package hobsub Info: Skipping package `ifvtex' (already loaded).
Package: intcalc 2016/05/16 v1.2 Expandable calculations with integers (HO)
Package hobsub Info: Skipping package `ifpdf' (already loaded).
Package: etexcmds 2016/05/16 v1.6 Avoid name clashes with e-TeX commands (HO)
Package etexcmds Info: Could not find \expanded.
(etexcmds)             That can mean that you are not using pdfTeX 1.50 or
(etexcmds)             that some package has redefined \expanded.
(etexcmds)             In the latter case, load this package earlier.
Package: kvsetkeys 2016/05/16 v1.17 Key value parser (HO)
Package: kvdefinekeys 2016/05/16 v1.4 Define keys (HO)
Package hobsub Info: Skipping package `pdftexcmds' (already loaded).
Package hobsub Info: Skipping package `pdfescape' (already loaded).
Package: bigintcalc 2016/05/16 v1.4 Expandable calculations on big integers (HO
)
Package: bitset 2016/05/16 v1.2 Handle bit-vector datatype (HO)
Package: uniquecounter 2016/05/16 v1.3 Provide unlimited unique counter (HO)
)
Package hobsub Info: Skipping package `hobsub' (already loaded).
Package: letltxmacro 2016/05/16 v1.5 Let assignment for LaTeX macros (HO)
Package: hopatch 2016/05/16 v1.3 Wrapper for package hooks (HO)
Package: xcolor-patch 2016/05/16 xcolor patch
Package: atveryend 2016/05/16 v1.9 Hooks at the very end of document (HO)
Package atveryend Info: \enddocument detected (standard20110627).
Package: atbegshi 2016/06/09 v1.18 At begin shipout hook (HO)
Package: refcount 2016/05/16 v3.5 Data extraction from label references (HO)
Package: hycolor 2016/05/16 v1.8 Color options for hyperref/bookmark (HO)
) ("C:\Program Files\MiKTeX 2.9\tex\latex\oberdiek\auxhook.sty"
Package: auxhook 2016/05/16 v1.4 Hooks for auxiliary files (HO)
) ("C:\Program Files\MiKTeX 2.9\tex\latex\oberdiek\kvoptions.sty"
Package: kvoptions 2016/05/16 v3.12 Key value format for package options (HO)
)
\@linkdim=\dimen113
\Hy@linkcounter=\count103
\Hy@pagecounter=\count104
("C:\Program Files\MiKTeX 2.9\tex\latex\hyperref\pd1enc.def"
File: pd1enc.def 2016/06/24 v6.83q Hyperref: PDFDocEncoding definition (HO)
Now handling font encoding PD1 ...
... no UTF-8 mapping file for font encoding PD1
)
\Hy@SavedSpaceFactor=\count105
("C:\Program Files\MiKTeX 2.9\tex\latex\00miktex\hyperref.cfg"
File: hyperref.cfg 2002/06/06 v1.2 hyperref configuration of TeXLive
)
Package hyperref Info: Option `unicode' set `true' on input line 4362.
("C:\Program Files\MiKTeX 2.9\tex\latex\hyperref\puenc.def"
File: puenc.def 2016/06/24 v6.83q Hyperref: PDF Unicode definition (HO)
Now handling font encoding PU ...
... no UTF-8 mapping file for font encoding PU
)
Package hyperref Info: Hyper figures OFF on input line 4486.
Package hyperref Info: Link nesting OFF on input line 4491.
Package hyperref Info: Hyper index ON on input line 4494.
Package hyperref Info: Plain pages OFF on input line 4501.
Package hyperref Info: Backreferencing OFF on input line 4506.
Package hyperref Info: Implicit mode ON; LaTeX internals redefined.
Package hyperref Info: Bookmarks ON on input line 4735.
\c@Hy@tempcnt=\count106
(C:\Users\Eli.Holmes\AppData\Roaming\MiKTeX\2.9\tex\latex\url\url.sty
\Urlmuskip=\muskip11
Package: url 2013/09/16  ver 3.4  Verb mode for urls, etc.
)
LaTeX Info: Redefining \url on input line 5088.
\XeTeXLinkMargin=\dimen114
\Fld@menulength=\count107
\Field@Width=\dimen115
\Fld@charsize=\dimen116
Package hyperref Info: Hyper figures OFF on input line 6342.
Package hyperref Info: Link nesting OFF on input line 6347.
Package hyperref Info: Hyper index ON on input line 6350.
Package hyperref Info: backreferencing OFF on input line 6357.
Package hyperref Info: Link coloring OFF on input line 6362.
Package hyperref Info: Link coloring with OCG OFF on input line 6367.
Package hyperref Info: PDF/A mode OFF on input line 6372.
LaTeX Info: Redefining \ref on input line 6412.
LaTeX Info: Redefining \pageref on input line 6416.
\Hy@abspage=\count108
\c@Item=\count109
\c@Hfootnote=\count110
)

Package hyperref Message: Driver (autodetected): hpdftex.

("C:\Program Files\MiKTeX 2.9\tex\latex\hyperref\hpdftex.def"
File: hpdftex.def 2016/06/24 v6.83q Hyperref driver for pdfTeX
\Fld@listcount=\count111
\c@bookmark@seq@number=\count112
("C:\Program Files\MiKTeX 2.9\tex\latex\oberdiek\rerunfilecheck.sty"
Package: rerunfilecheck 2016/05/16 v1.8 Rerun checks for auxiliary files (HO)
Package uniquecounter Info: New unique counter `rerunfilecheck' on input line 2
82.
)
\Hy@SectionHShift=\skip47
) ("C:\Program Files\MiKTeX 2.9\tex\latex\oberdiek\bkm-pdftex.def"
File: bkm-pdftex.def 2016/05/17 v1.26 bookmark driver for pdfTeX (HO)
\BKM@id=\count113
))
(C:\Users\Eli.Holmes\AppData\Roaming\MiKTeX\2.9\tex\latex\fancyvrb\fancyvrb.sty
Package: fancyvrb 2008/02/07

Style option: `fancyvrb' v2.7a, with DG/SPQR fixes, and firstline=lastline fix 
<2008/02/07> (tvz)
\FV@CodeLineNo=\count114
\FV@InFile=\read1
\FV@TabBox=\box28
\c@FancyVerbLine=\count115
\FV@StepNumber=\count116
\FV@OutFile=\write3
) (C:\Users\Eli.Holmes\AppData\Roaming\MiKTeX\2.9\tex\latex\framed\framed.sty
Package: framed 2011/10/22 v 0.96: framed or shaded text with page breaks
\OuterFrameSep=\skip48
\fb@frw=\dimen117
\fb@frh=\dimen118
\FrameRule=\dimen119
\FrameSep=\dimen120
) ("C:\Program Files\MiKTeX 2.9\tex\latex\tools\longtable.sty"
Package: longtable 2014/10/28 v4.11 Multi-page Table package (DPC)
\LTleft=\skip49
\LTright=\skip50
\LTpre=\skip51
\LTpost=\skip52
\LTchunksize=\count117
\LTcapwidth=\dimen121
\LT@head=\box29
\LT@firsthead=\box30
\LT@foot=\box31
\LT@lastfoot=\box32
\LT@cols=\count118
\LT@rows=\count119
\c@LT@tables=\count120
\c@LT@chunks=\count121
\LT@p@ftn=\toks24
)
(C:\Users\Eli.Holmes\AppData\Roaming\MiKTeX\2.9\tex\latex\booktabs\booktabs.sty
Package: booktabs 2005/04/14 v1.61803 publication quality tables
\heavyrulewidth=\dimen122
\lightrulewidth=\dimen123
\cmidrulewidth=\dimen124
\belowrulesep=\dimen125
\belowbottomsep=\dimen126
\aboverulesep=\dimen127
\abovetopsep=\dimen128
\cmidrulesep=\dimen129
\cmidrulekern=\dimen130
\defaultaddspace=\dimen131
\@cmidla=\count122
\@cmidlb=\count123
\@aboverulesep=\dimen132
\@belowrulesep=\dimen133
\@thisruleclass=\count124
\@lastruleclass=\count125
\@thisrulewidth=\dimen134
)
(C:\Users\Eli.Holmes\AppData\Roaming\MiKTeX\2.9\tex\latex\etoolbox\etoolbox.sty
Package: etoolbox 2017/01/02 v2.4 e-TeX tools for LaTeX (JAW)
\etb@tempcnta=\count126
)
(C:\Users\Eli.Holmes\AppData\Roaming\MiKTeX\2.9\tex\latex\footnotehyper\footnot
ehyper.sty
Package: footnotehyper 2019/11/07 v1.1a hyperref aware footnote.sty (JFB)
\FNH@notes=\box33
\FNH@width=\dimen135
) ("C:\Program Files\MiKTeX 2.9\tex\latex\graphics\graphicx.sty"
Package: graphicx 2014/10/28 v1.0g Enhanced LaTeX Graphics (DPC,SPQR)
("C:\Program Files\MiKTeX 2.9\tex\latex\graphics\graphics.sty"
Package: graphics 2016/10/09 v1.0u Standard LaTeX Graphics (DPC,SPQR)
("C:\Program Files\MiKTeX 2.9\tex\latex\graphics\trig.sty"
Package: trig 2016/01/03 v1.10 sin cos tan (DPC)
) ("C:\Program Files\MiKTeX 2.9\tex\latex\graphics-cfg\graphics.cfg"
File: graphics.cfg 2016/06/04 v1.11 sample graphics configuration
)
Package graphics Info: Driver file: pdftex.def on input line 99.
)
\Gin@req@height=\dimen136
\Gin@req@width=\dimen137
) ("C:\Program Files\MiKTeX 2.9\tex\latex\oberdiek\grffile.sty"
Package: grffile 2016/05/16 v1.17 Extended file name support for graphics (HO)
Package grffile Info: Option `multidot' is set to `true'.
Package grffile Info: Option `extendedchars' is set to `false'.
Package grffile Info: Option `space' is set to `true'.
Package grffile Info: \Gin@ii of package `graphicx' fixed on input line 486.
) ("C:\Program Files\MiKTeX 2.9\tex\latex\amscls\amsthm.sty"
Package: amsthm 2015/03/04 v2.20.2
\thm@style=\toks25
\thm@bodyfont=\toks26
\thm@headfont=\toks27
\thm@notefont=\toks28
\thm@headpunct=\toks29
\thm@preskip=\skip53
\thm@postskip=\skip54
\thm@headsep=\skip55
\dth@everypar=\toks30
) (C:\Users\Eli.Holmes\AppData\Roaming\MiKTeX\2.9\tex\latex\natbib\natbib.sty
Package: natbib 2010/09/13 8.31b (PWD, AO)
\bibhang=\skip56
\bibsep=\skip57
LaTeX Info: Redefining \cite on input line 694.
\c@NAT@ctr=\count127
) (MARSS_Manual.aux

LaTeX Warning: Label `eq:short-rw-tv1' multiply defined.


LaTeX Warning: Label `eq:short-lr-ar1-marss' multiply defined.

)
\openout1 = `MARSS_Manual.aux'.

LaTeX Font Info:    Checking defaults for OML/cmm/m/it on input line 127.
LaTeX Font Info:    ... okay on input line 127.
LaTeX Font Info:    Checking defaults for T1/cmr/m/n on input line 127.
LaTeX Font Info:    ... okay on input line 127.
LaTeX Font Info:    Checking defaults for OT1/cmr/m/n on input line 127.
LaTeX Font Info:    ... okay on input line 127.
LaTeX Font Info:    Checking defaults for OMS/cmsy/m/n on input line 127.
LaTeX Font Info:    ... okay on input line 127.
LaTeX Font Info:    Checking defaults for OMX/cmex/m/n on input line 127.
LaTeX Font Info:    ... okay on input line 127.
LaTeX Font Info:    Checking defaults for U/cmr/m/n on input line 127.
LaTeX Font Info:    ... okay on input line 127.
LaTeX Font Info:    Checking defaults for TS1/cmr/m/n on input line 127.
LaTeX Font Info:    Try loading font information for TS1+cmr on input line 127.

("C:\Program Files\MiKTeX 2.9\tex\latex\base\ts1cmr.fd"
File: ts1cmr.fd 2014/09/29 v2.5h Standard LaTeX font definitions
)
LaTeX Font Info:    ... okay on input line 127.
LaTeX Font Info:    Checking defaults for PD1/pdf/m/n on input line 127.
LaTeX Font Info:    ... okay on input line 127.
LaTeX Font Info:    Checking defaults for PU/pdf/m/n on input line 127.
LaTeX Font Info:    ... okay on input line 127.
LaTeX Font Info:    Try loading font information for T1+lmr on input line 127.
("C:\Program Files\MiKTeX 2.9\tex\latex\lm\t1lmr.fd"
File: t1lmr.fd 2009/10/30 v1.6 Font defs for Latin Modern
)
LaTeX Info: Redefining \microtypecontext on input line 127.
Package microtype Info: Generating PDF output.
Package microtype Info: Character protrusion enabled (level 2).
Package microtype Info: Using protrusion set `basicmath'.
Package microtype Info: Automatic font expansion enabled (level 2),
(microtype)             stretch: 20, shrink: 20, step: 1, non-selected.
Package microtype Info: Using default expansion set `basictext'.
Package microtype Info: No adjustment of tracking.
Package microtype Info: No adjustment of interword spacing.
Package microtype Info: No adjustment of character kerning.
(C:\Users\Eli.Holmes\AppData\Roaming\MiKTeX\2.9\tex\latex\microtype\mt-cmr.cfg
File: mt-cmr.cfg 2013/05/19 v2.2 microtype config. file: Computer Modern Roman 
(RS)
) (C:\Users\Eli.Holmes\AppData\Roaming\MiKTeX\2.9\tex\context\base\supp-pdf.mki
i
[Loading MPS to PDF converter (version 2006.09.02).]
\scratchcounter=\count128
\scratchdimen=\dimen138
\scratchbox=\box34
\nofMPsegments=\count129
\nofMParguments=\count130
\everyMPshowfont=\toks31
\MPscratchCnt=\count131
\MPscratchDim=\dimen139
\MPnumerator=\count132
\makeMPintoPDFobject=\count133
\everyMPtoPDFconversion=\toks32
) ("C:\Program Files\MiKTeX 2.9\tex\latex\oberdiek\epstopdf-base.sty"
Package: epstopdf-base 2016/05/15 v2.6 Base part for package epstopdf
("C:\Program Files\MiKTeX 2.9\tex\latex\oberdiek\grfext.sty"
Package: grfext 2016/05/16 v1.2 Manage graphics extensions (HO)
)
Package epstopdf-base Info: Redefining graphics rule for `.eps' on input line 4
38.
Package grfext Info: Graphics extension search list:
(grfext)             [.png,.pdf,.jpg,.mps,.jpeg,.jbig2,.jb2,.PNG,.PDF,.JPG,.JPE
G,.JBIG2,.JB2,.eps]
(grfext)             \AppendGraphicsExtensions on input line 456.
)
\AtBeginShipoutBox=\box35
Package hyperref Info: Link coloring OFF on input line 127.
("C:\Program Files\MiKTeX 2.9\tex\latex\hyperref\nameref.sty"
Package: nameref 2016/05/21 v2.44 Cross-referencing by name of section
("C:\Program Files\MiKTeX 2.9\tex\generic\oberdiek\gettitlestring.sty"
Package: gettitlestring 2016/05/16 v1.5 Cleanup title references (HO)
)
\c@section@level=\count134
)
LaTeX Info: Redefining \ref on input line 127.
LaTeX Info: Redefining \pageref on input line 127.
LaTeX Info: Redefining \nameref on input line 127.
LaTeX Font Info:    Try loading font information for OT1+lmr on input line 129.

("C:\Program Files\MiKTeX 2.9\tex\latex\lm\ot1lmr.fd"
File: ot1lmr.fd 2009/10/30 v1.6 Font defs for Latin Modern
)
LaTeX Font Info:    Try loading font information for OML+lmm on input line 129.

("C:\Program Files\MiKTeX 2.9\tex\latex\lm\omllmm.fd"
File: omllmm.fd 2009/10/30 v1.6 Font defs for Latin Modern
)
LaTeX Font Info:    Try loading font information for OMS+lmsy on input line 129
.
("C:\Program Files\MiKTeX 2.9\tex\latex\lm\omslmsy.fd"
File: omslmsy.fd 2009/10/30 v1.6 Font defs for Latin Modern
)
LaTeX Font Info:    Try loading font information for OMX+lmex on input line 129
.
("C:\Program Files\MiKTeX 2.9\tex\latex\lm\omxlmex.fd"
File: omxlmex.fd 2009/10/30 v1.6 Font defs for Latin Modern
)
LaTeX Font Info:    External font `lmex10' loaded for size
(Font)              <14.4> on input line 129.
LaTeX Font Info:    External font `lmex10' loaded for size
(Font)              <10> on input line 129.
LaTeX Font Info:    External font `lmex10' loaded for size
(Font)              <7> on input line 129.
LaTeX Font Info:    Try loading font information for U+msa on input line 129.
("C:\Program Files\MiKTeX 2.9\tex\latex\amsfonts\umsa.fd"
File: umsa.fd 2013/01/14 v3.01 AMS symbols A
) (C:\Users\Eli.Holmes\AppData\Roaming\MiKTeX\2.9\tex\latex\microtype\mt-msa.cf
g
File: mt-msa.cfg 2006/02/04 v1.1 microtype config. file: AMS symbols (a) (RS)
)
LaTeX Font Info:    Try loading font information for U+msb on input line 129.
("C:\Program Files\MiKTeX 2.9\tex\latex\amsfonts\umsb.fd"
File: umsb.fd 2013/01/14 v3.01 AMS symbols B
) (C:\Users\Eli.Holmes\AppData\Roaming\MiKTeX\2.9\tex\latex\microtype\mt-msb.cf
g
File: mt-msb.cfg 2005/06/01 v1.0 microtype config. file: AMS symbols (b) (RS)
) [1


{C:/Users/Eli.Holmes/AppData/Local/MiKTeX/2.9/pdftex/config/pdftex.map}] [2

] (MARSS_Manual.toc
LaTeX Font Info:    External font `lmex10' loaded for size
(Font)              <12> on input line 2.
LaTeX Font Info:    External font `lmex10' loaded for size
(Font)              <8> on input line 2.
LaTeX Font Info:    External font `lmex10' loaded for size
(Font)              <6> on input line 2.
[3])
\tf@toc=\write4
\openout4 = `MARSS_Manual.toc'.

[4]
LaTeX Font Info:    Try loading font information for T1+lmtt on input line 148.

("C:\Program Files\MiKTeX 2.9\tex\latex\lm\t1lmtt.fd"
File: t1lmtt.fd 2009/10/30 v1.6 Font defs for Latin Modern
) [5

]
LaTeX Font Info:    Try loading font information for TS1+lmr on input line 187.

("C:\Program Files\MiKTeX 2.9\tex\latex\lm\ts1lmr.fd"
File: ts1lmr.fd 2009/10/30 v1.6 Font defs for Latin Modern
) [6] [7

] [8

]
Chapter 1.

LaTeX Warning: Reference `chap-SSreferences' on page 9 undefined on input line 
205.


Underfull \vbox (badness 10000) has occurred while \output is active []

[9]

LaTeX Warning: Reference `chap:ARMA' on page 10 undefined on input line 253.


LaTeX Warning: Reference `chap-SSreferences' on page 10 undefined on input line
 253.

[10]
Overfull \hbox (31.75262pt too wide) detected at line 302
[][][]
 []

[11] [12]
Chapter 2.

LaTeX Warning: Reference `eqn:marss' on page 13 undefined on input line 309.


LaTeX Warning: Reference `chap:Examples' on page 13 undefined on input line 309
.


LaTeX Warning: Reference `chap:modelspec' on page 13 undefined on input line 30
9.

[13

] [14

]
Chapter 3.
[15] [16]
LaTeX Font Info:    Font shape `T1/lmtt/bx/n' in size <12> not available
(Font)              Font shape `T1/lmtt/b/n' tried instead on input line 360.
[17] [18

] [19] [20

]
Chapter 4.
[21]
Overfull \hbox (91.65024pt too wide) in paragraph at lines 456--456
[]  \T1/lmtt/m/n/12 .rownames t           y    estimate std.error   std.dev   c
onf.low conf.high[] 
 []


Overfull \hbox (91.5802pt too wide) in paragraph at lines 456--456
[]\T1/lmtt/m/n/12 1        Y1 1  0.19120483 0.085587464 0.2868805 0.6013062 -0.
4766879 0.6478628[] 
 []


Overfull \hbox (91.61522pt too wide) in paragraph at lines 456--456
[]\T1/lmtt/m/n/12 2        Y1 2  0.07948172 0.054212618 0.3154348 0.6154412 -0.
5640282 0.6724534[] 
 []


Overfull \hbox (91.61522pt too wide) in paragraph at lines 456--456
[]\T1/lmtt/m/n/12 3        Y1 3 -0.14487000 0.006547724 0.3210813 0.6183542 -0.
6227601 0.6358555[] 
 []


Overfull \hbox (91.5802pt too wide) in paragraph at lines 456--456
[]\T1/lmtt/m/n/12 4        Y1 4 -0.40170013 0.056496212 0.3222488 0.6189613 -0.
5750998 0.6880922[] 
 []


Overfull \hbox (91.60121pt too wide) in paragraph at lines 456--456
[]\T1/lmtt/m/n/12 5        Y1 5  0.74042564 0.401826854 0.3224922 0.6190880 -0.
2302463 1.0339000[] 
 []


Overfull \hbox (91.59421pt too wide) in paragraph at lines 456--456
[]\T1/lmtt/m/n/12 6        Y1 6  0.23904749 0.528875443 0.3225431 0.6191145 -0.
1032973 1.1610482[] 
 []


<MARSS_Manual_files/figure-latex/quick-autoplot-1.pdf, id=200, 469.755pt x 325.
215pt>
File: MARSS_Manual_files/figure-latex/quick-autoplot-1.pdf Graphic file (type p
df)
<use MARSS_Manual_files/figure-latex/quick-autoplot-1.pdf>
Package pdftex.def Info: MARSS_Manual_files/figure-latex/quick-autoplot-1.pdf u
sed on input line 468.
(pdftex.def)             Requested size: 312.00327pt x 216.00224pt.

Underfull \vbox (badness 8189) has occurred while \output is active []

[22] [23 <./MARSS_Manual_files/figure-latex/quick-autoplot-1.pdf>] [24

]
Chapter 5.
[25] [26]
Overfull \hbox (23.7252pt too wide) in paragraph at lines 595--595
[]  \T1/lmtt/m/n/12 .rownames t          y   estimate std.error   std.dev    co
nf.low[] 
 []


Overfull \hbox (23.67618pt too wide) in paragraph at lines 595--595
[]\T1/lmtt/m/n/12 1        Y1 1 -0.2382786 -0.2246253 0.1098830 0.1746828 -0.43
999204[] 
 []


Overfull \hbox (23.66917pt too wide) in paragraph at lines 595--595
[]\T1/lmtt/m/n/12 2        Y1 2 -0.2043381 -0.1370475 0.1118654 0.1759366 -0.35
629967[] 
 []


Overfull \hbox (23.69019pt too wide) in paragraph at lines 595--595
[]\T1/lmtt/m/n/12 3        Y1 3  0.2482112  0.1814517 0.1119369 0.1759821 -0.03
794055[] 
 []


Overfull \hbox (23.7042pt too wide) in paragraph at lines 595--595
[]\T1/lmtt/m/n/12 4        Y1 4  0.2704228  0.2708522 0.1119395 0.1759837  0.05
145482[] 
 []


Overfull \hbox (23.64816pt too wide) in paragraph at lines 595--595
[]\T1/lmtt/m/n/12 5        Y1 5  0.2608996  0.3617262 0.1119396 0.1759838  0.14
232863[] 
 []


Overfull \hbox (23.61314pt too wide) in paragraph at lines 595--595
[]\T1/lmtt/m/n/12 6        Y1 6  0.9039099  0.7986076 0.1119396 0.1759838  0.57
920998[] 
 []

[27] [28] [29]
<MARSS_Manual_files/figure-latex/quick-unis-ar1-plot-1.pdf, id=251, 469.755pt x
 325.215pt>
File: MARSS_Manual_files/figure-latex/quick-unis-ar1-plot-1.pdf Graphic file (t
ype pdf)
<use MARSS_Manual_files/figure-latex/quick-unis-ar1-plot-1.pdf>
Package pdftex.def Info: MARSS_Manual_files/figure-latex/quick-unis-ar1-plot-1.
pdf used on input line 723.
(pdftex.def)             Requested size: 312.00327pt x 216.00224pt.

Underfull \vbox (badness 1009) has occurred while \output is active []

[30 <./MARSS_Manual_files/figure-latex/quick-unis-ar1-plot-1.pdf>]
<MARSS_Manual_files/figure-latex/quick-unis-ar1-plot2-1.pdf, id=262, 469.755pt 
x 325.215pt>
File: MARSS_Manual_files/figure-latex/quick-unis-ar1-plot2-1.pdf Graphic file (
type pdf)
<use MARSS_Manual_files/figure-latex/quick-unis-ar1-plot2-1.pdf>
Package pdftex.def Info: MARSS_Manual_files/figure-latex/quick-unis-ar1-plot2-1
.pdf used on input line 775.
(pdftex.def)             Requested size: 312.00327pt x 216.00224pt.
[31 <./MARSS_Manual_files/figure-latex/quick-unis-ar1-plot2-1.pdf>] [32]
Overfull \hbox (66.95023pt too wide) in paragraph at lines 897--897
[]\T1/lmtt/m/n/12 Success! algorithm run for 15 iterations. abstol and log-log 
tests passed.[] 
 []

[33]
Overfull \hbox (11.3752pt too wide) in paragraph at lines 897--897
[]\T1/lmtt/m/n/12 Algorithm ran 15 (=minit) iterations and convergence was reac
hed.[] 
 []


Overfull \hbox (54.60022pt too wide) in paragraph at lines 918--918
[]\T1/lmtt/m/n/12 arima(x = xt.s, order = c(1, 0, 0), include.mean = FALSE, met
hod = "ML")[] 
 []


Overfull \hbox (23.69019pt too wide) in paragraph at lines 918--918
[]\T1/lmtt/m/n/12 sigma^2 estimated as 0.1009:  log likelihood = -27.98,  aic =
 59.96[] 
 []


Overfull \hbox (60.77522pt too wide) in paragraph at lines 939--939
[]\T1/lmtt/m/n/12 arima(x = xt.ns, order = c(1, 0, 0), include.mean = FALSE, me
thod = "ML")[] 
 []

[34]
Overfull \hbox (23.7042pt too wide) in paragraph at lines 939--939
[]\T1/lmtt/m/n/12 sigma^2 estimated as 0.1348:  log likelihood = -44.59,  aic =
 93.19[] 
 []


<MARSS_Manual_files/figure-latex/quick-unis-lm-ar1-0-dat-1.pdf, id=286, 469.755
pt x 325.215pt>
File: MARSS_Manual_files/figure-latex/quick-unis-lm-ar1-0-dat-1.pdf Graphic fil
e (type pdf)
<use MARSS_Manual_files/figure-latex/quick-unis-lm-ar1-0-dat-1.pdf>
Package pdftex.def Info: MARSS_Manual_files/figure-latex/quick-unis-lm-ar1-0-da
t-1.pdf used on input line 965.
(pdftex.def)             Requested size: 312.00327pt x 216.00224pt.

Underfull \vbox (badness 10000) has occurred while \output is active []

[35]
Overfull \hbox (66.95023pt too wide) in paragraph at lines 1017--1017
[]\T1/lmtt/m/n/12 Success! algorithm run for 15 iterations. abstol and log-log 
tests passed.[] 
 []

[36 <./MARSS_Manual_files/figure-latex/quick-unis-lm-ar1-0-dat-1.pdf>]
Overfull \hbox (11.3752pt too wide) in paragraph at lines 1017--1017
[]\T1/lmtt/m/n/12 Algorithm ran 15 (=minit) iterations and convergence was reac
hed.[] 
 []

[37]
<MARSS_Manual_files/figure-latex/quick-unis-lm-ar1-1-dat-1.pdf, id=311, 469.755
pt x 325.215pt>
File: MARSS_Manual_files/figure-latex/quick-unis-lm-ar1-1-dat-1.pdf Graphic fil
e (type pdf)
<use MARSS_Manual_files/figure-latex/quick-unis-lm-ar1-1-dat-1.pdf>
Package pdftex.def Info: MARSS_Manual_files/figure-latex/quick-unis-lm-ar1-1-da
t-1.pdf used on input line 1063.
(pdftex.def)             Requested size: 312.00327pt x 216.00224pt.

<MARSS_Manual_files/figure-latex/quick-unis-lm-ar1-acf-1.pdf, id=312, 469.755pt
 x 325.215pt>
File: MARSS_Manual_files/figure-latex/quick-unis-lm-ar1-acf-1.pdf Graphic file 
(type pdf)
<use MARSS_Manual_files/figure-latex/quick-unis-lm-ar1-acf-1.pdf>
Package pdftex.def Info: MARSS_Manual_files/figure-latex/quick-unis-lm-ar1-acf-
1.pdf used on input line 1073.
(pdftex.def)             Requested size: 312.00327pt x 216.00224pt.

Underfull \vbox (badness 10000) has occurred while \output is active []

[38 <./MARSS_Manual_files/figure-latex/quick-unis-lm-ar1-1-dat-1.pdf>] [39 <./M
ARSS_Manual_files/figure-latex/quick-unis-lm-ar1-acf-1.pdf>] [40]
Overfull \hbox (153.40027pt too wide) in paragraph at lines 1200--1200
[]\T1/lmtt/m/n/12 stats::arima(x = yt, order = c(1, 0, 0), xreg = dt, include.m
ean = FALSE, method = "ML")[] 
 []

[41]
Overfull \hbox (23.7112pt too wide) in paragraph at lines 1200--1200
[]\T1/lmtt/m/n/12 sigma^2 estimated as 0.1115:  log likelihood = -32.97,  aic =
 71.93[] 
 []

[42] [43] [44] [45]
Overfull \hbox (66.95023pt too wide) in paragraph at lines 1450--1450
[]\T1/lmtt/m/n/12 Success! algorithm run for 15 iterations. abstol and log-log 
tests passed.[] 
 []

[46]
Overfull \hbox (11.3752pt too wide) in paragraph at lines 1450--1450
[]\T1/lmtt/m/n/12 Algorithm ran 15 (=minit) iterations and convergence was reac
hed.[] 
 []


<MARSS_Manual_files/figure-latex/quick-unis-flat-level-plot-1.pdf, id=375, 469.
755pt x 325.215pt>
File: MARSS_Manual_files/figure-latex/quick-unis-flat-level-plot-1.pdf Graphic 
file (type pdf)
<use MARSS_Manual_files/figure-latex/quick-unis-flat-level-plot-1.pdf>
Package pdftex.def Info: MARSS_Manual_files/figure-latex/quick-unis-flat-level-
plot-1.pdf used on input line 1460.
(pdftex.def)             Requested size: 312.00327pt x 216.00224pt.

Underfull \vbox (badness 10000) has occurred while \output is active []

[47 <./MARSS_Manual_files/figure-latex/quick-unis-flat-level-plot-1.pdf>]
Overfull \hbox (66.95023pt too wide) in paragraph at lines 1509--1509
[]\T1/lmtt/m/n/12 Success! algorithm run for 15 iterations. abstol and log-log 
tests passed.[] 
 []


Overfull \hbox (11.3752pt too wide) in paragraph at lines 1509--1509
[]\T1/lmtt/m/n/12 Algorithm ran 15 (=minit) iterations and convergence was reac
hed.[] 
 []

[48]
Overfull \hbox (66.95023pt too wide) in paragraph at lines 1553--1553
[]\T1/lmtt/m/n/12 Success! algorithm run for 30 iterations. abstol and log-log 
tests passed.[] 
 []


Overfull \hbox (11.3752pt too wide) in paragraph at lines 1553--1553
[]\T1/lmtt/m/n/12 Algorithm ran 30 (=minit) iterations and convergence was reac
hed.[] 
 []

[49]
<MARSS_Manual_files/figure-latex/quick-unis-linear-level-plot-1.pdf, id=400, 46
9.755pt x 325.215pt>
File: MARSS_Manual_files/figure-latex/quick-unis-linear-level-plot-1.pdf Graphi
c file (type pdf)
<use MARSS_Manual_files/figure-latex/quick-unis-linear-level-plot-1.pdf>
Package pdftex.def Info: MARSS_Manual_files/figure-latex/quick-unis-linear-leve
l-plot-1.pdf used on input line 1563.
(pdftex.def)             Requested size: 312.00327pt x 216.00224pt.
[50 <./MARSS_Manual_files/figure-latex/quick-unis-linear-level-plot-1.pdf>]
<MARSS_Manual_files/figure-latex/quick-unis-stoch-level-plot-1.pdf, id=416, 469
.755pt x 325.215pt>
File: MARSS_Manual_files/figure-latex/quick-unis-stoch-level-plot-1.pdf Graphic
 file (type pdf)
<use MARSS_Manual_files/figure-latex/quick-unis-stoch-level-plot-1.pdf>
Package pdftex.def Info: MARSS_Manual_files/figure-latex/quick-unis-stoch-level
-plot-1.pdf used on input line 1628.
(pdftex.def)             Requested size: 312.00327pt x 216.00224pt.

Underfull \vbox (badness 10000) has occurred while \output is active []

[51]

Package natbib Warning: Citation `Koopmanetal1998' on page 52 undefined on inpu
t line 1630.


Package natbib Warning: Citation `Koopmanetal1998' on page 52 undefined on inpu
t line 1630.

[52 <./MARSS_Manual_files/figure-latex/quick-unis-stoch-level-plot-1.pdf>]
<MARSS_Manual_files/figure-latex/quick-unis-stoch-level-StructTS-plot-1.pdf, id
=433, 469.755pt x 325.215pt>
File: MARSS_Manual_files/figure-latex/quick-unis-stoch-level-StructTS-plot-1.pd
f Graphic file (type pdf)

<use MARSS_Manual_files/figure-latex/quick-unis-stoch-level-StructTS-plot-1.pdf
>
Package pdftex.def Info: MARSS_Manual_files/figure-latex/quick-unis-stoch-level
-StructTS-plot-1.pdf used on input line 1661.
(pdftex.def)             Requested size: 312.00327pt x 216.00224pt.
[53 <./MARSS_Manual_files/figure-latex/quick-unis-stoch-level-StructTS-plot-1.p
df>]
<MARSS_Manual_files/figure-latex/quick-unis-stoch-slope-plot-1.pdf, id=446, 469
.755pt x 325.215pt>
File: MARSS_Manual_files/figure-latex/quick-unis-stoch-slope-plot-1.pdf Graphic
 file (type pdf)
<use MARSS_Manual_files/figure-latex/quick-unis-stoch-slope-plot-1.pdf>
Package pdftex.def Info: MARSS_Manual_files/figure-latex/quick-unis-stoch-slope
-plot-1.pdf used on input line 1732.
(pdftex.def)             Requested size: 312.00327pt x 216.00224pt.

Underfull \vbox (badness 4634) has occurred while \output is active []

[54] [55 <./MARSS_Manual_files/figure-latex/quick-unis-stoch-slope-plot-1.pdf>]
[56

] [57] [58

]
Chapter 6.

LaTeX Warning: Reference `chap:algorithms' on page 59 undefined on input line 1
764.

[59] [60

]
Chapter 7.
[61] [62

]
Chapter 8.
[63] [64

]
Chapter 9.
[65] [66

] [67] [68

]
Chapter 10.
LaTeX Font Info:    External font `lmex10' loaded for size
(Font)              <5> on input line 1786.
[69] [70]
Chapter 11.

Package natbib Warning: Citation `Holmes2010' on page 71 undefined on input lin
e 1797.


LaTeX Warning: Reference `eqn:marss' on page 71 undefined on input line 1797.


LaTeX Warning: Reference `chap:algorithms' on page 71 undefined on input line 1
797.


LaTeX Warning: Reference `chap:SSreferences' on page 71 undefined on input line
 1803.

[71

]

Package natbib Warning: Citation `ShumwayStoffer2006' on page 72 undefined on i
nput line 1805.


Package natbib Warning: Citation `Rauch1963' on page 72 undefined on input line
 1805.


Package natbib Warning: Citation `KohnAnsley1989' on page 72 undefined on input
 line 1805.


Package natbib Warning: Citation `Koopman1993' on page 72 undefined on input li
ne 1805.


Package natbib Warning: Citation `KohnAnsley1989' on page 72 undefined on input
 line 1805.


Package natbib Warning: Citation `Koopman1993' on page 72 undefined on input li
ne 1805.


Package natbib Warning: Citation `Koopmanetal1998' on page 72 undefined on inpu
t line 1805.


Package natbib Warning: Citation `Staplesetal2004' on page 72 undefined on inpu
t line 1807.


Package natbib Warning: Citation `HinrichsenHolmes2009' on page 72 undefined on
 input line 1807.


Package natbib Warning: Citation `Leleetal2007' on page 72 undefined on input l
ine 1807.

[72] [73] [74]
Chapter 12.
[75

] [76] (MARSS_Manual.bbl [77] [78

]

Package natbib Warning: Empty `thebibliography' environment on input line 3.

)

Package natbib Warning: There were undefined citations.

Package atveryend Info: Empty hook `BeforeClearDocument' on input line 1855.
[79]
Package atveryend Info: Empty hook `AfterLastShipout' on input line 1855.
(MARSS_Manual.aux)
Package atveryend Info: Executing hook `AtVeryEndDocument' on input line 1855.
Package atveryend Info: Empty hook `AtEndAfterFileList' on input line 1855.

LaTeX Warning: There were undefined references.


LaTeX Warning: There were multiply-defined labels.

Package atveryend Info: Empty hook `AtVeryVeryEnd' on input line 1855.
 ) 
Here is how much of TeX's memory you used:
 14433 strings out of 493333
 208520 string characters out of 3139179
 325135 words of memory out of 3000000
 17411 multiletter control sequences out of 15000+200000
 111113 words of font info for 153 fonts, out of 3000000 for 9000
 1141 hyphenation exceptions out of 8191
 34i,18n,38p,1534b,455s stack positions out of 5000i,500n,10000p,200000b,50000s
{C:/Program Files/MiKTeX 2.9/fonts/enc/dvips/lm/lm-rm.enc}{C:/Program Files/M
iKTeX 2.9/fonts/enc/dvips/lm/lm-mathit.enc}{C:/Program Files/MiKTeX 2.9/fonts/e
nc/dvips/lm/lm-ec.enc}{C:/Program Files/MiKTeX 2.9/fonts/enc/dvips/lm/lm-mathex
.enc}{C:/Program Files/MiKTeX 2.9/fonts/enc/dvips/lm/lm-mathsy.enc}{C:/Program 
Files/MiKTeX 2.9/fonts/enc/dvips/lm/lm-ts1.enc}<C:/Program Files/MiKTeX 2.9/fon
ts/type1/public/lm/lmbx10.pfb><C:/Program Files/MiKTeX 2.9/fonts/type1/public/l
m/lmbx12.pfb><C:/Program Files/MiKTeX 2.9/fonts/type1/public/lm/lmbxo10.pfb><C:
/Program Files/MiKTeX 2.9/fonts/type1/public/lm/lmex10.pfb><C:/Program Files/Mi
KTeX 2.9/fonts/type1/public/lm/lmmi12.pfb><C:/Program Files/MiKTeX 2.9/fonts/ty
pe1/public/lm/lmmi7.pfb><C:/Program Files/MiKTeX 2.9/fonts/type1/public/lm/lmmi
8.pfb><C:/Program Files/MiKTeX 2.9/fonts/type1/public/lm/lmmib10.pfb><C:/Progra
m Files/MiKTeX 2.9/fonts/type1/public/lm/lmr10.pfb><C:/Program Files/MiKTeX 2.9
/fonts/type1/public/lm/lmr12.pfb><C:/Program Files/MiKTeX 2.9/fonts/type1/publi
c/lm/lmr17.pfb><C:/Program Files/MiKTeX 2.9/fonts/type1/public/lm/lmr7.pfb><C:/
Program Files/MiKTeX 2.9/fonts/type1/public/lm/lmr8.pfb><C:/Program Files/MiKTe
X 2.9/fonts/type1/public/lm/lmri12.pfb><C:/Program Files/MiKTeX 2.9/fonts/type1
/public/lm/lmro12.pfb><C:/Program Files/MiKTeX 2.9/fonts/type1/public/lm/lmsy10
.pfb><C:/Program Files/MiKTeX 2.9/fonts/type1/public/lm/lmsy8.pfb><C:/Program F
iles/MiKTeX 2.9/fonts/type1/public/lm/lmtk10.pfb><C:/Program Files/MiKTeX 2.9/f
onts/type1/public/lm/lmtt12.pfb><C:/Program Files/MiKTeX 2.9/fonts/type1/public
/lm/lmtti10.pfb>
Output written on MARSS_Manual.pdf (79 pages, 649382 bytes).
PDF statistics:
 801 PDF objects out of 1000 (max. 8388607)
 188 named destinations out of 1000 (max. 500000)
 16672 words of extra memory for PDF output out of 17280 (max. 10000000)

